This is pdfTeX, Version 3.14159265-2.6-1.40.21 (MiKTeX 2.9.7440 64-bit) (preloaded format=pdflatex 2020.6.20)  21 JUN 2020 22:03
entering extended mode
**./226305_Forschungsbericht_Charles_Manson.tex
(226305_Forschungsbericht_Charles_Manson.tex
LaTeX2e <2020-02-02> patch level 5
L3 programming layer <2020-05-15> ("C:\Users\Thomas\AppData\Local\Programs\MiKT
eX 2.9\tex/latex/base\article.cls"
Document Class: article 2019/12/20 v1.4l Standard LaTeX document class
("C:\Users\Thomas\AppData\Local\Programs\MiKTeX 2.9\tex/latex/base\size10.clo"
File: size10.clo 2019/12/20 v1.4l Standard LaTeX file (size option)
)
\c@part=\count167
\c@section=\count168
\c@subsection=\count169
\c@subsubsection=\count170
\c@paragraph=\count171
\c@subparagraph=\count172
\c@figure=\count173
\c@table=\count174
\abovecaptionskip=\skip47
\belowcaptionskip=\skip48
\bibindent=\dimen134
) ("C:\Users\Thomas\AppData\Local\Programs\MiKTeX 2.9\tex/latex/lm\lmodern.sty"
Package: lmodern 2009/10/30 v1.6 Latin Modern Fonts
LaTeX Font Info:    Overwriting symbol font `operators' in version `normal'
(Font)                  OT1/cmr/m/n --> OT1/lmr/m/n on input line 22.
LaTeX Font Info:    Overwriting symbol font `letters' in version `normal'
(Font)                  OML/cmm/m/it --> OML/lmm/m/it on input line 23.
LaTeX Font Info:    Overwriting symbol font `symbols' in version `normal'
(Font)                  OMS/cmsy/m/n --> OMS/lmsy/m/n on input line 24.
LaTeX Font Info:    Overwriting symbol font `largesymbols' in version `normal'
(Font)                  OMX/cmex/m/n --> OMX/lmex/m/n on input line 25.
LaTeX Font Info:    Overwriting symbol font `operators' in version `bold'
(Font)                  OT1/cmr/bx/n --> OT1/lmr/bx/n on input line 26.
LaTeX Font Info:    Overwriting symbol font `letters' in version `bold'
(Font)                  OML/cmm/b/it --> OML/lmm/b/it on input line 27.
LaTeX Font Info:    Overwriting symbol font `symbols' in version `bold'
(Font)                  OMS/cmsy/b/n --> OMS/lmsy/b/n on input line 28.
LaTeX Font Info:    Overwriting symbol font `largesymbols' in version `bold'
(Font)                  OMX/cmex/m/n --> OMX/lmex/m/n on input line 29.
LaTeX Font Info:    Overwriting math alphabet `\mathbf' in version `normal'
(Font)                  OT1/cmr/bx/n --> OT1/lmr/bx/n on input line 31.
LaTeX Font Info:    Overwriting math alphabet `\mathsf' in version `normal'
(Font)                  OT1/cmss/m/n --> OT1/lmss/m/n on input line 32.
LaTeX Font Info:    Overwriting math alphabet `\mathit' in version `normal'
(Font)                  OT1/cmr/m/it --> OT1/lmr/m/it on input line 33.
LaTeX Font Info:    Overwriting math alphabet `\mathtt' in version `normal'
(Font)                  OT1/cmtt/m/n --> OT1/lmtt/m/n on input line 34.
LaTeX Font Info:    Overwriting math alphabet `\mathbf' in version `bold'
(Font)                  OT1/cmr/bx/n --> OT1/lmr/bx/n on input line 35.
LaTeX Font Info:    Overwriting math alphabet `\mathsf' in version `bold'
(Font)                  OT1/cmss/bx/n --> OT1/lmss/bx/n on input line 36.
LaTeX Font Info:    Overwriting math alphabet `\mathit' in version `bold'
(Font)                  OT1/cmr/bx/it --> OT1/lmr/bx/it on input line 37.
LaTeX Font Info:    Overwriting math alphabet `\mathtt' in version `bold'
(Font)                  OT1/cmtt/m/n --> OT1/lmtt/m/n on input line 38.
)
("C:\Users\Thomas\AppData\Local\Programs\MiKTeX 2.9\tex/latex/amsfonts\amssymb.
sty"
Package: amssymb 2013/01/14 v3.01 AMS font symbols

("C:\Users\Thomas\AppData\Local\Programs\MiKTeX 2.9\tex/latex/amsfonts\amsfonts
.sty"
Package: amsfonts 2013/01/14 v3.01 Basic AMSFonts support
\@emptytoks=\toks15
\symAMSa=\mathgroup4
\symAMSb=\mathgroup5
LaTeX Font Info:    Redeclaring math symbol \hbar on input line 98.
LaTeX Font Info:    Overwriting math alphabet `\mathfrak' in version `bold'
(Font)                  U/euf/m/n --> U/euf/b/n on input line 106.
))
("C:\Users\Thomas\AppData\Local\Programs\MiKTeX 2.9\tex/latex/amsmath\amsmath.s
ty"
Package: amsmath 2020/01/20 v2.17e AMS math features
\@mathmargin=\skip49
For additional information on amsmath, use the `?' option.

("C:\Users\Thomas\AppData\Local\Programs\MiKTeX 2.9\tex/latex/amsmath\amstext.s
ty"
Package: amstext 2000/06/29 v2.01 AMS text

("C:\Users\Thomas\AppData\Local\Programs\MiKTeX 2.9\tex/latex/amsmath\amsgen.st
y"
File: amsgen.sty 1999/11/30 v2.0 generic functions
\@emptytoks=\toks16
\ex@=\dimen135
))
("C:\Users\Thomas\AppData\Local\Programs\MiKTeX 2.9\tex/latex/amsmath\amsbsy.st
y"
Package: amsbsy 1999/11/29 v1.2d Bold Symbols
\pmbraise@=\dimen136
)
("C:\Users\Thomas\AppData\Local\Programs\MiKTeX 2.9\tex/latex/amsmath\amsopn.st
y"
Package: amsopn 2016/03/08 v2.02 operator names
)
\inf@bad=\count175
LaTeX Info: Redefining \frac on input line 227.
\uproot@=\count176
\leftroot@=\count177
LaTeX Info: Redefining \overline on input line 389.
\classnum@=\count178
\DOTSCASE@=\count179
LaTeX Info: Redefining \ldots on input line 486.
LaTeX Info: Redefining \dots on input line 489.
LaTeX Info: Redefining \cdots on input line 610.
\Mathstrutbox@=\box45
\strutbox@=\box46
\big@size=\dimen137
LaTeX Font Info:    Redeclaring font encoding OML on input line 733.
LaTeX Font Info:    Redeclaring font encoding OMS on input line 734.
\macc@depth=\count180
\c@MaxMatrixCols=\count181
\dotsspace@=\muskip16
\c@parentequation=\count182
\dspbrk@lvl=\count183
\tag@help=\toks17
\row@=\count184
\column@=\count185
\maxfields@=\count186
\andhelp@=\toks18
\eqnshift@=\dimen138
\alignsep@=\dimen139
\tagshift@=\dimen140
\tagwidth@=\dimen141
\totwidth@=\dimen142
\lineht@=\dimen143
\@envbody=\toks19
\multlinegap=\skip50
\multlinetaggap=\skip51
\mathdisplay@stack=\toks20
LaTeX Info: Redefining \[ on input line 2859.
LaTeX Info: Redefining \] on input line 2860.
)
("C:\Users\Thomas\AppData\Local\Programs\MiKTeX 2.9\tex/generic/iftex\ifxetex.s
ty"
Package: ifxetex 2019/10/25 v0.7 ifxetex legacy package. Use iftex instead.
("C:\Users\Thomas\AppData\Local\Programs\MiKTeX 2.9\tex/generic/iftex\iftex.sty
"
Package: iftex 2020/03/06 v1.0d TeX engine tests
))
("C:\Users\Thomas\AppData\Local\Programs\MiKTeX 2.9\tex/generic/iftex\ifluatex.
sty"
Package: ifluatex 2019/10/25 v1.5 ifluatex legacy package. Use iftex instead.
) ("C:\Users\Thomas\AppData\Local\Programs\MiKTeX 2.9\tex/latex/base\fontenc.st
y"
Package: fontenc 2020/02/11 v2.0o Standard LaTeX package
LaTeX Font Info:    Trying to load font information for T1+lmr on input line 11
2.
("C:\Users\Thomas\AppData\Local\Programs\MiKTeX 2.9\tex/latex/lm\t1lmr.fd"
File: t1lmr.fd 2009/10/30 v1.6 Font defs for Latin Modern
)) ("C:\Users\Thomas\AppData\Local\Programs\MiKTeX 2.9\tex/latex/base\inputenc.
sty"
Package: inputenc 2018/08/11 v1.3c Input encoding file
\inpenc@prehook=\toks21
\inpenc@posthook=\toks22
) ("C:\Users\Thomas\AppData\Local\Programs\MiKTeX 2.9\tex/latex/base\textcomp.s
ty"
Package: textcomp 2020/02/02 v2.0n Standard LaTeX package
)
("C:\Users\Thomas\AppData\Local\Programs\MiKTeX 2.9\tex/latex/upquote\upquote.s
ty"
Package: upquote 2012/04/19 v1.3 upright-quote and grave-accent glyphs in verba
tim
)
("C:\Users\Thomas\AppData\Local\Programs\MiKTeX 2.9\tex/latex/microtype\microty
pe.sty"
Package: microtype 2019/11/18 v2.7d Micro-typographical refinements (RS)

("C:\Users\Thomas\AppData\Local\Programs\MiKTeX 2.9\tex/latex/graphics\keyval.s
ty"
Package: keyval 2014/10/28 v1.15 key=value parser (DPC)
\KV@toks@=\toks23
)
\MT@toks=\toks24
\MT@count=\count187
LaTeX Info: Redefining \textls on input line 790.
\MT@outer@kern=\dimen144
LaTeX Info: Redefining \textmicrotypecontext on input line 1354.
\MT@listname@count=\count188

("C:\Users\Thomas\AppData\Local\Programs\MiKTeX 2.9\tex/latex/microtype\microty
pe-pdftex.def"
File: microtype-pdftex.def 2019/11/18 v2.7d Definitions specific to pdftex (RS)

LaTeX Info: Redefining \lsstyle on input line 914.
LaTeX Info: Redefining \lslig on input line 914.
\MT@outer@space=\skip52
)
Package microtype Info: Loading configuration file microtype.cfg.

("C:\Users\Thomas\AppData\Local\Programs\MiKTeX 2.9\tex/latex/microtype\microty
pe.cfg"
File: microtype.cfg 2019/11/18 v2.7d microtype main configuration file (RS)
))
("C:\Users\Thomas\AppData\Local\Programs\MiKTeX 2.9\tex/latex/parskip\parskip.s
ty"
Package: parskip 2020-05-19 v2.0e non-zero parskip adjustments

("C:\Users\Thomas\AppData\Local\Programs\MiKTeX 2.9\tex/latex/kvoptions\kvoptio
ns.sty"
Package: kvoptions 2019/11/29 v3.13 Key value format for package options (HO)

("C:\Users\Thomas\AppData\Local\Programs\MiKTeX 2.9\tex/generic/ltxcmds\ltxcmds
.sty"
Package: ltxcmds 2019/12/15 v1.24 LaTeX kernel commands for general use (HO)
)
("C:\Users\Thomas\AppData\Local\Programs\MiKTeX 2.9\tex/generic/kvsetkeys\kvset
keys.sty"
Package: kvsetkeys 2019/12/15 v1.18 Key value parser (HO)
))
("C:\Users\Thomas\AppData\Local\Programs\MiKTeX 2.9\tex/latex/etoolbox\etoolbox
.sty"
Package: etoolbox 2019/09/21 v2.5h e-TeX tools for LaTeX (JAW)
\etb@tempcnta=\count189
)) ("C:\Users\Thomas\AppData\Local\Programs\MiKTeX 2.9\tex/latex/xcolor\xcolor.
sty"
Package: xcolor 2016/05/11 v2.12 LaTeX color extensions (UK)

("C:\Users\Thomas\AppData\Local\Programs\MiKTeX 2.9\tex/latex/graphics-cfg\colo
r.cfg"
File: color.cfg 2016/01/02 v1.6 sample color configuration
)
Package xcolor Info: Driver file: pdftex.def on input line 225.

("C:\Users\Thomas\AppData\Local\Programs\MiKTeX 2.9\tex/latex/graphics-def\pdft
ex.def"
File: pdftex.def 2018/01/08 v1.0l Graphics/color driver for pdftex
)
Package xcolor Info: Model `cmy' substituted by `cmy0' on input line 1348.
Package xcolor Info: Model `hsb' substituted by `rgb' on input line 1352.
Package xcolor Info: Model `RGB' extended on input line 1364.
Package xcolor Info: Model `HTML' substituted by `rgb' on input line 1366.
Package xcolor Info: Model `Hsb' substituted by `hsb' on input line 1367.
Package xcolor Info: Model `tHsb' substituted by `hsb' on input line 1368.
Package xcolor Info: Model `HSB' substituted by `hsb' on input line 1369.
Package xcolor Info: Model `Gray' substituted by `gray' on input line 1370.
Package xcolor Info: Model `wave' substituted by `hsb' on input line 1371.
) ("C:\Users\Thomas\AppData\Local\Programs\MiKTeX 2.9\tex/latex/xurl\xurl.sty"
Package: xurl 2020/01/24 v 0.09 modify URL breaks
("C:\Users\Thomas\AppData\Local\Programs\MiKTeX 2.9\tex/latex/url\url.sty"
\Urlmuskip=\muskip17
Package: url 2013/09/16  ver 3.4  Verb mode for urls, etc.
))
("C:\Users\Thomas\AppData\Local\Programs\MiKTeX 2.9\tex/latex/bookmark\bookmark
.sty"
Package: bookmark 2019/12/03 v1.28 PDF bookmarks (HO)

("C:\Users\Thomas\AppData\Local\Programs\MiKTeX 2.9\tex/latex/hyperref\hyperref
.sty"
Package: hyperref 2020-05-15 v7.00e Hypertext links for LaTeX

("C:\Users\Thomas\AppData\Local\Programs\MiKTeX 2.9\tex/latex/pdftexcmds\pdftex
cmds.sty"
Package: pdftexcmds 2019/11/24 v0.31 Utility functions of pdfTeX for LuaTeX (HO
)

("C:\Users\Thomas\AppData\Local\Programs\MiKTeX 2.9\tex/generic/infwarerr\infwa
rerr.sty"
Package: infwarerr 2019/12/03 v1.5 Providing info/warning/error messages (HO)
)
Package pdftexcmds Info: \pdf@primitive is available.
Package pdftexcmds Info: \pdf@ifprimitive is available.
Package pdftexcmds Info: \pdfdraftmode found.
)
("C:\Users\Thomas\AppData\Local\Programs\MiKTeX 2.9\tex/generic/kvdefinekeys\kv
definekeys.sty"
Package: kvdefinekeys 2019-12-19 v1.6 Define keys (HO)
)
("C:\Users\Thomas\AppData\Local\Programs\MiKTeX 2.9\tex/generic/pdfescape\pdfes
cape.sty"
Package: pdfescape 2019/12/09 v1.15 Implements pdfTeX's escape features (HO)
)
("C:\Users\Thomas\AppData\Local\Programs\MiKTeX 2.9\tex/latex/hycolor\hycolor.s
ty"
Package: hycolor 2020-01-27 v1.10 Color options for hyperref/bookmark (HO)
)
("C:\Users\Thomas\AppData\Local\Programs\MiKTeX 2.9\tex/latex/letltxmacro\letlt
xmacro.sty"
Package: letltxmacro 2019/12/03 v1.6 Let assignment for LaTeX macros (HO)
)
("C:\Users\Thomas\AppData\Local\Programs\MiKTeX 2.9\tex/latex/auxhook\auxhook.s
ty"
Package: auxhook 2019-12-17 v1.6 Hooks for auxiliary files (HO)
)
\@linkdim=\dimen145
\Hy@linkcounter=\count190
\Hy@pagecounter=\count191

("C:\Users\Thomas\AppData\Local\Programs\MiKTeX 2.9\tex/latex/hyperref\pd1enc.d
ef"
File: pd1enc.def 2020-05-15 v7.00e Hyperref: PDFDocEncoding definition (HO)
Now handling font encoding PD1 ...
... no UTF-8 mapping file for font encoding PD1
)
("C:\Users\Thomas\AppData\Local\Programs\MiKTeX 2.9\tex/generic/intcalc\intcalc
.sty"
Package: intcalc 2019/12/15 v1.3 Expandable calculations with integers (HO)
)
("C:\Users\Thomas\AppData\Local\Programs\MiKTeX 2.9\tex/generic/etexcmds\etexcm
ds.sty"
Package: etexcmds 2019/12/15 v1.7 Avoid name clashes with e-TeX commands (HO)
)
\Hy@SavedSpaceFactor=\count192
Package hyperref Info: Option `unicode' set `true' on input line 4338.

("C:\Users\Thomas\AppData\Local\Programs\MiKTeX 2.9\tex/latex/hyperref\puenc.de
f"
File: puenc.def 2020-05-15 v7.00e Hyperref: PDF Unicode definition (HO)
Now handling font encoding PU ...
... no UTF-8 mapping file for font encoding PU
)
Package hyperref Info: Hyper figures OFF on input line 4464.
Package hyperref Info: Link nesting OFF on input line 4469.
Package hyperref Info: Hyper index ON on input line 4472.
Package hyperref Info: Plain pages OFF on input line 4479.
Package hyperref Info: Backreferencing OFF on input line 4484.
Package hyperref Info: Implicit mode ON; LaTeX internals redefined.
Package hyperref Info: Bookmarks ON on input line 4717.
\c@Hy@tempcnt=\count193
LaTeX Info: Redefining \url on input line 5076.
\XeTeXLinkMargin=\dimen146

("C:\Users\Thomas\AppData\Local\Programs\MiKTeX 2.9\tex/generic/bitset\bitset.s
ty"
Package: bitset 2019/12/09 v1.3 Handle bit-vector datatype (HO)

("C:\Users\Thomas\AppData\Local\Programs\MiKTeX 2.9\tex/generic/bigintcalc\bigi
ntcalc.sty"
Package: bigintcalc 2019/12/15 v1.5 Expandable calculations on big integers (HO
)
))
\Fld@menulength=\count194
\Field@Width=\dimen147
\Fld@charsize=\dimen148
Package hyperref Info: Hyper figures OFF on input line 6347.
Package hyperref Info: Link nesting OFF on input line 6352.
Package hyperref Info: Hyper index ON on input line 6355.
Package hyperref Info: backreferencing OFF on input line 6362.
Package hyperref Info: Link coloring OFF on input line 6367.
Package hyperref Info: Link coloring with OCG OFF on input line 6372.
Package hyperref Info: PDF/A mode OFF on input line 6377.
LaTeX Info: Redefining \ref on input line 6417.
LaTeX Info: Redefining \pageref on input line 6421.

("C:\Users\Thomas\AppData\Local\Programs\MiKTeX 2.9\tex/generic/atbegshi\atbegs
hi.sty"
Package: atbegshi 2019/12/05 v1.19 At begin shipout hook (HO)
)
\Hy@abspage=\count195
\c@Item=\count196
\c@Hfootnote=\count197
)
Package hyperref Info: Driver (autodetected): hpdftex.

("C:\Users\Thomas\AppData\Local\Programs\MiKTeX 2.9\tex/latex/hyperref\hpdftex.
def"
File: hpdftex.def 2020-05-15 v7.00e Hyperref driver for pdfTeX

("C:\Users\Thomas\AppData\Local\Programs\MiKTeX 2.9\tex/latex/atveryend\atverye
nd.sty"
Package: atveryend 2019-12-11 v1.11 Hooks at the very end of document (HO)
)
\Fld@listcount=\count198
\c@bookmark@seq@number=\count199

("C:\Users\Thomas\AppData\Local\Programs\MiKTeX 2.9\tex/latex/rerunfilecheck\re
runfilecheck.sty"
Package: rerunfilecheck 2019/12/05 v1.9 Rerun checks for auxiliary files (HO)

("C:\Users\Thomas\AppData\Local\Programs\MiKTeX 2.9\tex/generic/uniquecounter\u
niquecounter.sty"
Package: uniquecounter 2019/12/15 v1.4 Provide unlimited unique counter (HO)
)
Package uniquecounter Info: New unique counter `rerunfilecheck' on input line 2
86.
)
\Hy@SectionHShift=\skip53
)
("C:\Users\Thomas\AppData\Local\Programs\MiKTeX 2.9\tex/latex/bookmark\bkm-pdft
ex.def"
File: bkm-pdftex.def 2019/12/03 v1.28 bookmark driver for pdfTeX (HO)
\BKM@id=\count266
))
("C:\Users\Thomas\AppData\Local\Programs\MiKTeX 2.9\tex/latex/geometry\geometry
.sty"
Package: geometry 2020/01/02 v5.9 Page Geometry

("C:\Users\Thomas\AppData\Local\Programs\MiKTeX 2.9\tex/generic/iftex\ifvtex.st
y"
Package: ifvtex 2019/10/25 v1.7 ifvtex legacy package. Use iftex instead.
)
\Gm@cnth=\count267
\Gm@cntv=\count268
\c@Gm@tempcnt=\count269
\Gm@bindingoffset=\dimen149
\Gm@wd@mp=\dimen150
\Gm@odd@mp=\dimen151
\Gm@even@mp=\dimen152
\Gm@layoutwidth=\dimen153
\Gm@layoutheight=\dimen154
\Gm@layouthoffset=\dimen155
\Gm@layoutvoffset=\dimen156
\Gm@dimlist=\toks25

("C:\Users\Thomas\AppData\Local\Programs\MiKTeX 2.9\tex/latex/geometry\geometry
.cfg"))
("C:\Users\Thomas\AppData\Local\Programs\MiKTeX 2.9\tex/latex/fancyvrb\fancyvrb
.sty"
Package: fancyvrb 2020/05/03 v3.6 verbatim text (tvz,hv)
\FV@CodeLineNo=\count270
\FV@InFile=\read2
\FV@TabBox=\box47
\c@FancyVerbLine=\count271
\FV@StepNumber=\count272
\FV@OutFile=\write3
) ("C:\Users\Thomas\AppData\Local\Programs\MiKTeX 2.9\tex/latex/framed\framed.s
ty"
Package: framed 2011/10/22 v 0.96: framed or shaded text with page breaks
\OuterFrameSep=\skip54
\fb@frw=\dimen157
\fb@frh=\dimen158
\FrameRule=\dimen159
\FrameSep=\dimen160
)
("C:\Users\Thomas\AppData\Local\Programs\MiKTeX 2.9\tex/latex/tools\longtable.s
ty"
Package: longtable 2020/01/07 v4.13 Multi-page Table package (DPC)
\LTleft=\skip55
\LTright=\skip56
\LTpre=\skip57
\LTpost=\skip58
\LTchunksize=\count273
\LTcapwidth=\dimen161
\LT@head=\box48
\LT@firsthead=\box49
\LT@foot=\box50
\LT@lastfoot=\box51
\LT@cols=\count274
\LT@rows=\count275
\c@LT@tables=\count276
\c@LT@chunks=\count277
\LT@p@ftn=\toks26
)
("C:\Users\Thomas\AppData\Local\Programs\MiKTeX 2.9\tex/latex/booktabs\booktabs
.sty"
Package: booktabs 2020/01/12 v1.61803398 Publication quality tables
\heavyrulewidth=\dimen162
\lightrulewidth=\dimen163
\cmidrulewidth=\dimen164
\belowrulesep=\dimen165
\belowbottomsep=\dimen166
\aboverulesep=\dimen167
\abovetopsep=\dimen168
\cmidrulesep=\dimen169
\cmidrulekern=\dimen170
\defaultaddspace=\dimen171
\@cmidla=\count278
\@cmidlb=\count279
\@aboverulesep=\dimen172
\@belowrulesep=\dimen173
\@thisruleclass=\count280
\@lastruleclass=\count281
\@thisrulewidth=\dimen174
)
("C:\Users\Thomas\AppData\Local\Programs\MiKTeX 2.9\tex/latex/footnotehyper\foo
tnotehyper.sty"
Package: footnotehyper 2019/11/07 v1.1a hyperref aware footnote.sty (JFB)
\FNH@notes=\box52
\FNH@width=\dimen175
)
("C:\Users\Thomas\AppData\Local\Programs\MiKTeX 2.9\tex/latex/graphics\graphicx
.sty"
Package: graphicx 2019/11/30 v1.2a Enhanced LaTeX Graphics (DPC,SPQR)

("C:\Users\Thomas\AppData\Local\Programs\MiKTeX 2.9\tex/latex/graphics\graphics
.sty"
Package: graphics 2019/11/30 v1.4a Standard LaTeX Graphics (DPC,SPQR)
("C:\Users\Thomas\AppData\Local\Programs\MiKTeX 2.9\tex/latex/graphics\trig.sty
"
Package: trig 2016/01/03 v1.10 sin cos tan (DPC)
)
("C:\Users\Thomas\AppData\Local\Programs\MiKTeX 2.9\tex/latex/graphics-cfg\grap
hics.cfg"
File: graphics.cfg 2016/06/04 v1.11 sample graphics configuration
)
Package graphics Info: Driver file: pdftex.def on input line 105.
)
\Gin@req@height=\dimen176
\Gin@req@width=\dimen177
)
("C:\Users\Thomas\AppData\Local\Programs\MiKTeX 2.9\tex/latex/grffile\grffile.s
ty"
Package: grffile 2019/11/11 v2.1 Extended file name support for graphics (legac
y)
Package grffile Info: This package is an empty stub for compatibility on input 
line 40.
) ("C:\Users\Thomas\AppData\Local\Programs\MiKTeX 2.9\tex/generic/babel\babel.s
ty"
Package: babel 2020/05/13 3.44 The Babel package
("C:\Users\Thomas\AppData\Local\Programs\MiKTeX 2.9\tex/generic/babel\babel.def
"
File: babel.def 2020/05/13 3.44 Babel common definitions
\babel@savecnt=\count282
\U@D=\dimen178
\l@babelnohyphens=\language78

("C:\Users\Thomas\AppData\Local\Programs\MiKTeX 2.9\tex/generic/babel\txtbabel.
def")
\bbl@readstream=\read3
)
\bbl@dirlevel=\count283
*************************************
* Local config file bblopts.cfg used
*
("C:\Users\Thomas\AppData\Local\Programs\MiKTeX 2.9\tex/latex/arabi\bblopts.cfg
"
File: bblopts.cfg 2005/09/08 v0.1 add Arabic and Farsi to "declared" options of
 babel
)
("C:\Users\Thomas\AppData\Local\Programs\MiKTeX 2.9\tex/latex/babel-german\nger
man.ldf"
Language: ngerman 2018/12/08 v2.11 German support for babel (post-1996 orthogra
phy)

("C:\Users\Thomas\AppData\Local\Programs\MiKTeX 2.9\tex/latex/babel-german\nger
manb.ldf"
Language: ngermanb 2018/12/08 v2.11 German support for babel (post-1996 orthogr
aphy)
Package babel Info: Making " an active character on input line 121.
)))
("C:\Users\Thomas\AppData\Local\Programs\MiKTeX 2.9\tex/latex/l3backend\l3backe
nd-pdfmode.def"
File: l3backend-pdfmode.def 2020-05-05 L3 backend support: PDF mode
\l__kernel_color_stack_int=\count284
\l__pdf_internal_box=\box53
)
No file 226305_Forschungsbericht_Charles_Manson.aux.
\openout1 = `226305_Forschungsbericht_Charles_Manson.aux'.

LaTeX Font Info:    Checking defaults for OML/cmm/m/it on input line 124.
LaTeX Font Info:    ... okay on input line 124.
LaTeX Font Info:    Checking defaults for OMS/cmsy/m/n on input line 124.
LaTeX Font Info:    ... okay on input line 124.
LaTeX Font Info:    Checking defaults for OT1/cmr/m/n on input line 124.
LaTeX Font Info:    ... okay on input line 124.
LaTeX Font Info:    Checking defaults for T1/cmr/m/n on input line 124.
LaTeX Font Info:    ... okay on input line 124.
LaTeX Font Info:    Checking defaults for TS1/cmr/m/n on input line 124.
LaTeX Font Info:    ... okay on input line 124.
LaTeX Font Info:    Checking defaults for OMX/cmex/m/n on input line 124.
LaTeX Font Info:    ... okay on input line 124.
LaTeX Font Info:    Checking defaults for U/cmr/m/n on input line 124.
LaTeX Font Info:    ... okay on input line 124.
LaTeX Font Info:    Checking defaults for PD1/pdf/m/n on input line 124.
LaTeX Font Info:    ... okay on input line 124.
LaTeX Font Info:    Checking defaults for PU/pdf/m/n on input line 124.
LaTeX Font Info:    ... okay on input line 124.
LaTeX Info: Redefining \microtypecontext on input line 124.
Package microtype Info: Generating PDF output.
Package microtype Info: Character protrusion enabled (level 2).
Package microtype Info: Using protrusion set `basicmath'.
Package microtype Info: Automatic font expansion enabled (level 2),
(microtype)             stretch: 20, shrink: 20, step: 1, non-selected.
Package microtype Info: Using default expansion set `basictext'.
LaTeX Info: Redefining \showhyphens on input line 124.
Package microtype Info: No adjustment of tracking.
Package microtype Info: No adjustment of interword spacing.
Package microtype Info: No adjustment of character kerning.

("C:\Users\Thomas\AppData\Local\Programs\MiKTeX 2.9\tex/latex/microtype\mt-cmr.
cfg"
File: mt-cmr.cfg 2013/05/19 v2.2 microtype config. file: Computer Modern Roman 
(RS)
)
("C:\Users\Thomas\AppData\Local\Programs\MiKTeX 2.9\tex/context/base/mkii\supp-
pdf.mkii"
[Loading MPS to PDF converter (version 2006.09.02).]
\scratchcounter=\count285
\scratchdimen=\dimen179
\scratchbox=\box54
\nofMPsegments=\count286
\nofMParguments=\count287
\everyMPshowfont=\toks27
\MPscratchCnt=\count288
\MPscratchDim=\dimen180
\MPnumerator=\count289
\makeMPintoPDFobject=\count290
\everyMPtoPDFconversion=\toks28
)
("C:\Users\Thomas\AppData\Local\Programs\MiKTeX 2.9\tex/latex/epstopdf-pkg\epst
opdf-base.sty"
Package: epstopdf-base 2020-01-24 v2.11 Base part for package epstopdf
("C:\Users\Thomas\AppData\Local\Programs\MiKTeX 2.9\tex/latex/grfext\grfext.sty
"
Package: grfext 2019/12/03 v1.3 Manage graphics extensions (HO)
)
Package epstopdf-base Info: Redefining graphics rule for `.eps' on input line 4
85.
Package grfext Info: Graphics extension search list:
(grfext)             [.pdf,.png,.jpg,.mps,.jpeg,.jbig2,.jb2,.PDF,.PNG,.JPG,.JPE
G,.JBIG2,.JB2,.eps]
(grfext)             \AppendGraphicsExtensions on input line 504.
)
\AtBeginShipoutBox=\box55
Package hyperref Info: Link coloring OFF on input line 124.

("C:\Users\Thomas\AppData\Local\Programs\MiKTeX 2.9\tex/latex/hyperref\nameref.
sty"
Package: nameref 2019/09/16 v2.46 Cross-referencing by name of section

("C:\Users\Thomas\AppData\Local\Programs\MiKTeX 2.9\tex/latex/refcount\refcount
.sty"
Package: refcount 2019/12/15 v3.6 Data extraction from label references (HO)
)
("C:\Users\Thomas\AppData\Local\Programs\MiKTeX 2.9\tex/generic/gettitlestring\
gettitlestring.sty"
Package: gettitlestring 2019/12/15 v1.6 Cleanup title references (HO)
)
\c@section@level=\count291
)
LaTeX Info: Redefining \ref on input line 124.
LaTeX Info: Redefining \pageref on input line 124.
LaTeX Info: Redefining \nameref on input line 124.
*geometry* driver: auto-detecting
*geometry* detected driver: pdftex
*geometry* verbose mode - [ preamble ] result:
* driver: pdftex
* paper: <default>
* layout: <same size as paper>
* layoutoffset:(h,v)=(0.0pt,0.0pt)
* modes: 
* h-part:(L,W,R)=(72.26999pt, 469.75502pt, 72.26999pt)
* v-part:(T,H,B)=(72.26999pt, 650.43001pt, 72.26999pt)
* \paperwidth=614.295pt
* \paperheight=794.96999pt
* \textwidth=469.75502pt
* \textheight=650.43001pt
* \oddsidemargin=0.0pt
* \evensidemargin=0.0pt
* \topmargin=-37.0pt
* \headheight=12.0pt
* \headsep=25.0pt
* \topskip=10.0pt
* \footskip=30.0pt
* \marginparwidth=65.0pt
* \marginparsep=11.0pt
* \columnsep=10.0pt
* \skip\footins=9.0pt plus 4.0pt minus 2.0pt
* \hoffset=0.0pt
* \voffset=0.0pt
* \mag=1000
* \@twocolumnfalse
* \@twosidefalse
* \@mparswitchfalse
* \@reversemarginfalse
* (1in=72.27pt=25.4mm, 1cm=28.453pt)

LaTeX Font Info:    Trying to load font information for OT1+lmr on input line 1
26.
("C:\Users\Thomas\AppData\Local\Programs\MiKTeX 2.9\tex/latex/lm\ot1lmr.fd"
File: ot1lmr.fd 2009/10/30 v1.6 Font defs for Latin Modern
)
LaTeX Font Info:    Trying to load font information for OML+lmm on input line 1
26.
("C:\Users\Thomas\AppData\Local\Programs\MiKTeX 2.9\tex/latex/lm\omllmm.fd"
File: omllmm.fd 2009/10/30 v1.6 Font defs for Latin Modern
)
LaTeX Font Info:    Trying to load font information for OMS+lmsy on input line 
126.
("C:\Users\Thomas\AppData\Local\Programs\MiKTeX 2.9\tex/latex/lm\omslmsy.fd"
File: omslmsy.fd 2009/10/30 v1.6 Font defs for Latin Modern
)
LaTeX Font Info:    Trying to load font information for OMX+lmex on input line 
126.
("C:\Users\Thomas\AppData\Local\Programs\MiKTeX 2.9\tex/latex/lm\omxlmex.fd"
File: omxlmex.fd 2009/10/30 v1.6 Font defs for Latin Modern
)
LaTeX Font Info:    External font `lmex10' loaded for size
(Font)              <12> on input line 126.
LaTeX Font Info:    External font `lmex10' loaded for size
(Font)              <8> on input line 126.
LaTeX Font Info:    External font `lmex10' loaded for size
(Font)              <6> on input line 126.
LaTeX Font Info:    Trying to load font information for U+msa on input line 126
.
("C:\Users\Thomas\AppData\Local\Programs\MiKTeX 2.9\tex/latex/amsfonts\umsa.fd"
File: umsa.fd 2013/01/14 v3.01 AMS symbols A
)
("C:\Users\Thomas\AppData\Local\Programs\MiKTeX 2.9\tex/latex/microtype\mt-msa.
cfg"
File: mt-msa.cfg 2006/02/04 v1.1 microtype config. file: AMS symbols (a) (RS)
)
LaTeX Font Info:    Trying to load font information for U+msb on input line 126
.
("C:\Users\Thomas\AppData\Local\Programs\MiKTeX 2.9\tex/latex/amsfonts\umsb.fd"
File: umsb.fd 2013/01/14 v3.01 AMS symbols B
)
("C:\Users\Thomas\AppData\Local\Programs\MiKTeX 2.9\tex/latex/microtype\mt-msb.
cfg"
File: mt-msb.cfg 2005/06/01 v1.0 microtype config. file: AMS symbols (b) (RS)
)
\tf@toc=\write4
\openout4 = `226305_Forschungsbericht_Charles_Manson.toc'.

LaTeX Font Info:    Trying to load font information for T1+lmtt on input line 1
32.
("C:\Users\Thomas\AppData\Local\Programs\MiKTeX 2.9\tex/latex/lm\t1lmtt.fd"
File: t1lmtt.fd 2009/10/30 v1.6 Font defs for Latin Modern
)
LaTeX Font Info:    Font shape `T1/lmtt/bx/n' in size <10> not available
(Font)              Font shape `T1/lmtt/b/n' tried instead on input line 133.
[1

{C:/Users/Thomas/AppData/Local/MiKTeX/2.9/pdftex/config/pdftex.map}]
LaTeX Font Info:    Trying to load font information for TS1+lmr on input line 2
32.
("C:\Users\Thomas\AppData\Local\Programs\MiKTeX 2.9\tex/latex/lm\ts1lmr.fd"
File: ts1lmr.fd 2009/10/30 v1.6 Font defs for Latin Modern
) [2]
LaTeX Font Info:    External font `lmex10' loaded for size
(Font)              <10> on input line 313.
LaTeX Font Info:    External font `lmex10' loaded for size
(Font)              <7> on input line 313.
LaTeX Font Info:    External font `lmex10' loaded for size
(Font)              <5> on input line 313.
[3]
Overfull \hbox (0.14049pt too wide) in paragraph at lines 364--368
[]$\T1/lmr/m/n/10 (+10) h t t p s : / / w w w . s u e d d e u t s c h e . d e /
 p a n o r a m a / c h a r l es -[] m a n s on -[] u n d -[] a m e r i k a -[] 
v o m -[] m a s s e n m o e r d e r -[] z u r -[] k u l t  g ur -[]
 []

[4] [5]
LaTeX Font Info:    Trying to load font information for TS1+lmtt on input line 
571.
("C:\Users\Thomas\AppData\Local\Programs\MiKTeX 2.9\tex/latex/lm\ts1lmtt.fd"
File: ts1lmtt.fd 2009/10/30 v1.6 Font defs for Latin Modern
) [6] [7]
<226305_Forschungsbericht_Charles_Manson_files/figure-latex/Standardplot ohne A
npassungen-1.pdf, id=143, 1156.32pt x 650.43pt>
File: 226305_Forschungsbericht_Charles_Manson_files/figure-latex/Standardplot o
hne Anpassungen-1.pdf Graphic file (type pdf)
<use 226305_Forschungsbericht_Charles_Manson_files/figure-latex/Standardplot oh
ne Anpassungen-1.pdf>
Package pdftex.def Info: 226305_Forschungsbericht_Charles_Manson_files/figure-l
atex/Standardplot ohne Anpassungen-1.pdf  used on input line 758.
(pdftex.def)             Requested size: 469.75385pt x 264.23653pt.
[8]
<226305_Forschungsbericht_Charles_Manson_files/figure-latex/Standardplot ohne A
npassungen-2.pdf, id=154, 1156.32pt x 650.43pt>
File: 226305_Forschungsbericht_Charles_Manson_files/figure-latex/Standardplot o
hne Anpassungen-2.pdf Graphic file (type pdf)
<use 226305_Forschungsbericht_Charles_Manson_files/figure-latex/Standardplot oh
ne Anpassungen-2.pdf>
Package pdftex.def Info: 226305_Forschungsbericht_Charles_Manson_files/figure-l
atex/Standardplot ohne Anpassungen-2.pdf  used on input line 772.
(pdftex.def)             Requested size: 469.75385pt x 264.23653pt.
[9 <./226305_Forschungsbericht_Charles_Manson_files/figure-latex/Standardplot o
hne Anpassungen-1.pdf> <./226305_Forschungsbericht_Charles_Manson_files/figure-
latex/Standardplot ohne Anpassungen-2.pdf>] [10] [11] [12] [13] [14] [15] [16] 
[17] [18] [19] [20] [21] [22] [23]
<226305_Forschungsbericht_Charles_Manson_files/figure-latex/Pfaddistanz Gesamtn
etzwerk-1.pdf, id=235, 1156.32pt x 650.43pt>
File: 226305_Forschungsbericht_Charles_Manson_files/figure-latex/Pfaddistanz Ge
samtnetzwerk-1.pdf Graphic file (type pdf)
<use 226305_Forschungsbericht_Charles_Manson_files/figure-latex/Pfaddistanz Ges
amtnetzwerk-1.pdf>
Package pdftex.def Info: 226305_Forschungsbericht_Charles_Manson_files/figure-l
atex/Pfaddistanz Gesamtnetzwerk-1.pdf  used on input line 1666.
(pdftex.def)             Requested size: 469.75385pt x 264.23653pt.

Underfull \vbox (badness 7344) detected at line 1694
 []

[24 <./226305_Forschungsbericht_Charles_Manson_files/figure-latex/Pfaddistanz G
esamtnetzwerk-1.pdf>]
<226305_Forschungsbericht_Charles_Manson_files/figure-latex/Pfaddistanz Hollywo
od-1.pdf, id=247, 1156.32pt x 325.215pt>
File: 226305_Forschungsbericht_Charles_Manson_files/figure-latex/Pfaddistanz Ho
llywood-1.pdf Graphic file (type pdf)
<use 226305_Forschungsbericht_Charles_Manson_files/figure-latex/Pfaddistanz Hol
lywood-1.pdf>
Package pdftex.def Info: 226305_Forschungsbericht_Charles_Manson_files/figure-l
atex/Pfaddistanz Hollywood-1.pdf  used on input line 1696.
(pdftex.def)             Requested size: 469.75385pt x 132.11826pt.
[25 <./226305_Forschungsbericht_Charles_Manson_files/figure-latex/Pfaddistanz H
ollywood-1.pdf>] [26] [27] [28] [29] [30]
<226305_Forschungsbericht_Charles_Manson_files/figure-latex/WalktrapCluster der
 Gesamtnetzwerke-1.pdf, id=280, 1156.32pt x 650.43pt>
File: 226305_Forschungsbericht_Charles_Manson_files/figure-latex/WalktrapCluste
r der Gesamtnetzwerke-1.pdf Graphic file (type pdf)
<use 226305_Forschungsbericht_Charles_Manson_files/figure-latex/WalktrapCluster
 der Gesamtnetzwerke-1.pdf>
Package pdftex.def Info: 226305_Forschungsbericht_Charles_Manson_files/figure-l
atex/WalktrapCluster der Gesamtnetzwerke-1.pdf  used on input line 2119.
(pdftex.def)             Requested size: 469.75385pt x 264.23653pt.
[31 <./226305_Forschungsbericht_Charles_Manson_files/figure-latex/WalktrapClust
er der Gesamtnetzwerke-1.pdf>]
<226305_Forschungsbericht_Charles_Manson_files/figure-latex/WalktrapCluster der
 Gesamtnetzwerke-2.pdf, id=294, 1156.32pt x 650.43pt>
File: 226305_Forschungsbericht_Charles_Manson_files/figure-latex/WalktrapCluste
r der Gesamtnetzwerke-2.pdf Graphic file (type pdf)
<use 226305_Forschungsbericht_Charles_Manson_files/figure-latex/WalktrapCluster
 der Gesamtnetzwerke-2.pdf>
Package pdftex.def Info: 226305_Forschungsbericht_Charles_Manson_files/figure-l
atex/WalktrapCluster der Gesamtnetzwerke-2.pdf  used on input line 2135.
(pdftex.def)             Requested size: 469.75385pt x 264.23653pt.
[32 <./226305_Forschungsbericht_Charles_Manson_files/figure-latex/WalktrapClust
er der Gesamtnetzwerke-2.pdf>]
<226305_Forschungsbericht_Charles_Manson_files/figure-latex/Edge-betweenness-Cl
uster-1.pdf, id=307, 469.755pt x 325.215pt>
File: 226305_Forschungsbericht_Charles_Manson_files/figure-latex/Edge-betweenne
ss-Cluster-1.pdf Graphic file (type pdf)
<use 226305_Forschungsbericht_Charles_Manson_files/figure-latex/Edge-betweennes
s-Cluster-1.pdf>
Package pdftex.def Info: 226305_Forschungsbericht_Charles_Manson_files/figure-l
atex/Edge-betweenness-Cluster-1.pdf  used on input line 2187.
(pdftex.def)             Requested size: 469.75386pt x 325.2142pt.

Underfull \hbox (badness 10000) in paragraph at lines 2187--2190
[][]
 []

[33 <./226305_Forschungsbericht_Charles_Manson_files/figure-latex/Edge-betweenn
ess-Cluster-1.pdf>]
<226305_Forschungsbericht_Charles_Manson_files/figure-latex/Manson-Familie-1.pd
f, id=325, 1156.32pt x 650.43pt>
File: 226305_Forschungsbericht_Charles_Manson_files/figure-latex/Manson-Familie
-1.pdf Graphic file (type pdf)
<use 226305_Forschungsbericht_Charles_Manson_files/figure-latex/Manson-Familie-
1.pdf>
Package pdftex.def Info: 226305_Forschungsbericht_Charles_Manson_files/figure-l
atex/Manson-Familie-1.pdf  used on input line 2217.
(pdftex.def)             Requested size: 469.75385pt x 264.23653pt.
<226305_Forschungsbericht_Charles_Manson_files/figure-latex/Manson-Familie-2.pd
f, id=326, 1156.32pt x 650.43pt>
File: 226305_Forschungsbericht_Charles_Manson_files/figure-latex/Manson-Familie
-2.pdf Graphic file (type pdf)
<use 226305_Forschungsbericht_Charles_Manson_files/figure-latex/Manson-Familie-
2.pdf>
Package pdftex.def Info: 226305_Forschungsbericht_Charles_Manson_files/figure-l
atex/Manson-Familie-2.pdf  used on input line 2249.
(pdftex.def)             Requested size: 469.75385pt x 264.23653pt.

Underfull \hbox (badness 10000) in paragraph at lines 2249--2256
[][]
 []

[34 <./226305_Forschungsbericht_Charles_Manson_files/figure-latex/Manson-Famili
e-1.pdf>] [35 <./226305_Forschungsbericht_Charles_Manson_files/figure-latex/Man
son-Familie-2.pdf>] [36] [37] [38]
<226305_Forschungsbericht_Charles_Manson_files/figure-latex/Pfaddistanz Member-
1.pdf, id=361, 1156.32pt x 325.215pt>
File: 226305_Forschungsbericht_Charles_Manson_files/figure-latex/Pfaddistanz Me
mber-1.pdf Graphic file (type pdf)
<use 226305_Forschungsbericht_Charles_Manson_files/figure-latex/Pfaddistanz Mem
ber-1.pdf>
Package pdftex.def Info: 226305_Forschungsbericht_Charles_Manson_files/figure-l
atex/Pfaddistanz Member-1.pdf  used on input line 2578.
(pdftex.def)             Requested size: 469.75385pt x 132.11826pt.
[39 <./226305_Forschungsbericht_Charles_Manson_files/figure-latex/Pfaddistanz M
ember-1.pdf>]
<226305_Forschungsbericht_Charles_Manson_files/figure-latex/Untergruppen in der
 Mansonfamilie (WalktrapCluster)-1.pdf, id=373, 1156.32pt x 650.43pt>
File: 226305_Forschungsbericht_Charles_Manson_files/figure-latex/Untergruppen i
n der Mansonfamilie (WalktrapCluster)-1.pdf Graphic file (type pdf)
<use 226305_Forschungsbericht_Charles_Manson_files/figure-latex/Untergruppen in
 der Mansonfamilie (WalktrapCluster)-1.pdf>
Package pdftex.def Info: 226305_Forschungsbericht_Charles_Manson_files/figure-l
atex/Untergruppen in der Mansonfamilie (WalktrapCluster)-1.pdf  used on input l
ine 2647.
(pdftex.def)             Requested size: 469.75385pt x 264.23653pt.

Underfull \hbox (badness 10000) in paragraph at lines 2647--2654
[][]
 []

[40] [41 <./226305_Forschungsbericht_Charles_Manson_files/figure-latex/Untergru
ppen in der Mansonfamilie (WalktrapCluster)-1.pdf>]
<226305_Forschungsbericht_Charles_Manson_files/figure-latex/Untergruppen in der
 Mansonfamilie - (Edge-Betweenness-Cluster) - Sollbruchstellen - ohne Isolates-
1.pdf, id=391, 1156.32pt x 650.43pt>
File: 226305_Forschungsbericht_Charles_Manson_files/figure-latex/Untergruppen i
n der Mansonfamilie - (Edge-Betweenness-Cluster) - Sollbruchstellen - ohne Isol
ates-1.pdf Graphic file (type pdf)
<use 226305_Forschungsbericht_Charles_Manson_files/figure-latex/Untergruppen in
 der Mansonfamilie - (Edge-Betweenness-Cluster) - Sollbruchstellen - ohne Isola
tes-1.pdf>
Package pdftex.def Info: 226305_Forschungsbericht_Charles_Manson_files/figure-l
atex/Untergruppen in der Mansonfamilie - (Edge-Betweenness-Cluster) - Sollbruch
stellen - ohne Isolates-1.pdf  used on input line 2709.
(pdftex.def)             Requested size: 469.75385pt x 264.23653pt.

Underfull \vbox (badness 7344) detected at line 2740
 []

[42 <./226305_Forschungsbericht_Charles_Manson_files/figure-latex/Untergruppen 
in der Mansonfamilie - (Edge-Betweenness-Cluster) - Sollbruchstellen - ohne Iso
lates-1.pdf>]
<226305_Forschungsbericht_Charles_Manson_files/figure-latex/Mansonfamilie einge
färbt-1.pdf, id=405, 1156.32pt x 650.43pt>
File: 226305_Forschungsbericht_Charles_Manson_files/figure-latex/Mansonfamilie 
eingefärbt-1.pdf Graphic file (type pdf)
<use 226305_Forschungsbericht_Charles_Manson_files/figure-latex/Mansonfamilie e
ingefärbt-1.pdf>
Package pdftex.def Info: 226305_Forschungsbericht_Charles_Manson_files/figure-l
atex/Mansonfamilie eingefärbt-1.pdf  used on input line 2742.
(pdftex.def)             Requested size: 469.75385pt x 264.23653pt.
<226305_Forschungsbericht_Charles_Manson_files/figure-latex/Mansonfamilie nach 
Geschlecht-1.pdf, id=406, 1156.32pt x 650.43pt>
File: 226305_Forschungsbericht_Charles_Manson_files/figure-latex/Mansonfamilie 
nach Geschlecht-1.pdf Graphic file (type pdf)
<use 226305_Forschungsbericht_Charles_Manson_files/figure-latex/Mansonfamilie n
ach Geschlecht-1.pdf>
Package pdftex.def Info: 226305_Forschungsbericht_Charles_Manson_files/figure-l
atex/Mansonfamilie nach Geschlecht-1.pdf  used on input line 2771.
(pdftex.def)             Requested size: 469.75385pt x 264.23653pt.
[43 <./226305_Forschungsbericht_Charles_Manson_files/figure-latex/Mansonfamilie
 eingefärbt-1.pdf>]
<226305_Forschungsbericht_Charles_Manson_files/figure-latex/Nur Frauen der Mans
onfamilie-1.pdf, id=420, 1156.32pt x 650.43pt>
File: 226305_Forschungsbericht_Charles_Manson_files/figure-latex/Nur Frauen der
 Mansonfamilie-1.pdf Graphic file (type pdf)
<use 226305_Forschungsbericht_Charles_Manson_files/figure-latex/Nur Frauen der 
Mansonfamilie-1.pdf>
Package pdftex.def Info: 226305_Forschungsbericht_Charles_Manson_files/figure-l
atex/Nur Frauen der Mansonfamilie-1.pdf  used on input line 2810.
(pdftex.def)             Requested size: 469.75385pt x 264.23653pt.
[44 <./226305_Forschungsbericht_Charles_Manson_files/figure-latex/Mansonfamilie
 nach Geschlecht-1.pdf>] [45 <./226305_Forschungsbericht_Charles_Manson_files/f
igure-latex/Nur Frauen der Mansonfamilie-1.pdf>]
<226305_Forschungsbericht_Charles_Manson_files/figure-latex/Nur Männer der Man
sonfamilie-1.pdf, id=441, 1156.32pt x 650.43pt>
File: 226305_Forschungsbericht_Charles_Manson_files/figure-latex/Nur Männer de
r Mansonfamilie-1.pdf Graphic file (type pdf)
<use 226305_Forschungsbericht_Charles_Manson_files/figure-latex/Nur Männer der
 Mansonfamilie-1.pdf>
Package pdftex.def Info: 226305_Forschungsbericht_Charles_Manson_files/figure-l
atex/Nur Männer der Mansonfamilie-1.pdf  used on input line 2922.
(pdftex.def)             Requested size: 469.75385pt x 264.23653pt.
[46] [47 <./226305_Forschungsbericht_Charles_Manson_files/figure-latex/Nur Män
ner der Mansonfamilie-1.pdf>] [48]
Underfull \vbox (badness 4805) detected at line 3120
 []

[49]
<226305_Forschungsbericht_Charles_Manson_files/figure-latex/Mansonfamilie im La
ufe der Zeit-1.pdf, id=465, 1156.32pt x 650.43pt>
File: 226305_Forschungsbericht_Charles_Manson_files/figure-latex/Mansonfamilie 
im Laufe der Zeit-1.pdf Graphic file (type pdf)
<use 226305_Forschungsbericht_Charles_Manson_files/figure-latex/Mansonfamilie i
m Laufe der Zeit-1.pdf>
Package pdftex.def Info: 226305_Forschungsbericht_Charles_Manson_files/figure-l
atex/Mansonfamilie im Laufe der Zeit-1.pdf  used on input line 3122.
(pdftex.def)             Requested size: 469.75385pt x 264.23653pt.
<226305_Forschungsbericht_Charles_Manson_files/figure-latex/Mansonfamilie im La
ufe der Zeit-2.pdf, id=466, 1156.32pt x 650.43pt>
File: 226305_Forschungsbericht_Charles_Manson_files/figure-latex/Mansonfamilie 
im Laufe der Zeit-2.pdf Graphic file (type pdf)
<use 226305_Forschungsbericht_Charles_Manson_files/figure-latex/Mansonfamilie i
m Laufe der Zeit-2.pdf>
Package pdftex.def Info: 226305_Forschungsbericht_Charles_Manson_files/figure-l
atex/Mansonfamilie im Laufe der Zeit-2.pdf  used on input line 3137.
(pdftex.def)             Requested size: 469.75385pt x 264.23653pt.
[50 <./226305_Forschungsbericht_Charles_Manson_files/figure-latex/Mansonfamilie
 im Laufe der Zeit-1.pdf>]
<226305_Forschungsbericht_Charles_Manson_files/figure-latex/Mansonfamilie im La
ufe der Zeit-3.pdf, id=481, 1156.32pt x 650.43pt>
File: 226305_Forschungsbericht_Charles_Manson_files/figure-latex/Mansonfamilie 
im Laufe der Zeit-3.pdf Graphic file (type pdf)
<use 226305_Forschungsbericht_Charles_Manson_files/figure-latex/Mansonfamilie i
m Laufe der Zeit-3.pdf>
Package pdftex.def Info: 226305_Forschungsbericht_Charles_Manson_files/figure-l
atex/Mansonfamilie im Laufe der Zeit-3.pdf  used on input line 3152.
(pdftex.def)             Requested size: 469.75385pt x 264.23653pt.
[51 <./226305_Forschungsbericht_Charles_Manson_files/figure-latex/Mansonfamilie
 im Laufe der Zeit-2.pdf> <./226305_Forschungsbericht_Charles_Manson_files/figu
re-latex/Mansonfamilie im Laufe der Zeit-3.pdf>]
<226305_Forschungsbericht_Charles_Manson_files/figure-latex/Mansonfamilie im La
ufe der Zeit-4.pdf, id=506, 1156.32pt x 650.43pt>
File: 226305_Forschungsbericht_Charles_Manson_files/figure-latex/Mansonfamilie 
im Laufe der Zeit-4.pdf Graphic file (type pdf)
<use 226305_Forschungsbericht_Charles_Manson_files/figure-latex/Mansonfamilie i
m Laufe der Zeit-4.pdf>
Package pdftex.def Info: 226305_Forschungsbericht_Charles_Manson_files/figure-l
atex/Mansonfamilie im Laufe der Zeit-4.pdf  used on input line 3167.
(pdftex.def)             Requested size: 469.75385pt x 264.23653pt.
<226305_Forschungsbericht_Charles_Manson_files/figure-latex/Mansonfamilie im La
ufe der Zeit-5.pdf, id=507, 1156.32pt x 650.43pt>
File: 226305_Forschungsbericht_Charles_Manson_files/figure-latex/Mansonfamilie 
im Laufe der Zeit-5.pdf Graphic file (type pdf)
<use 226305_Forschungsbericht_Charles_Manson_files/figure-latex/Mansonfamilie i
m Laufe der Zeit-5.pdf>
Package pdftex.def Info: 226305_Forschungsbericht_Charles_Manson_files/figure-l
atex/Mansonfamilie im Laufe der Zeit-5.pdf  used on input line 3182.
(pdftex.def)             Requested size: 469.75385pt x 264.23653pt.
[52 <./226305_Forschungsbericht_Charles_Manson_files/figure-latex/Mansonfamilie
 im Laufe der Zeit-4.pdf>]
<226305_Forschungsbericht_Charles_Manson_files/figure-latex/Mansonfamilie im La
ufe der Zeit-6.pdf, id=522, 1156.32pt x 650.43pt>
File: 226305_Forschungsbericht_Charles_Manson_files/figure-latex/Mansonfamilie 
im Laufe der Zeit-6.pdf Graphic file (type pdf)
<use 226305_Forschungsbericht_Charles_Manson_files/figure-latex/Mansonfamilie i
m Laufe der Zeit-6.pdf>
Package pdftex.def Info: 226305_Forschungsbericht_Charles_Manson_files/figure-l
atex/Mansonfamilie im Laufe der Zeit-6.pdf  used on input line 3197.
(pdftex.def)             Requested size: 469.75385pt x 264.23653pt.
[53 <./226305_Forschungsbericht_Charles_Manson_files/figure-latex/Mansonfamilie
 im Laufe der Zeit-5.pdf> <./226305_Forschungsbericht_Charles_Manson_files/figu
re-latex/Mansonfamilie im Laufe der Zeit-6.pdf>]
<226305_Forschungsbericht_Charles_Manson_files/figure-latex/Mansonfamilie im La
ufe der Zeit-7.pdf, id=547, 1156.32pt x 650.43pt>
File: 226305_Forschungsbericht_Charles_Manson_files/figure-latex/Mansonfamilie 
im Laufe der Zeit-7.pdf Graphic file (type pdf)
<use 226305_Forschungsbericht_Charles_Manson_files/figure-latex/Mansonfamilie i
m Laufe der Zeit-7.pdf>
Package pdftex.def Info: 226305_Forschungsbericht_Charles_Manson_files/figure-l
atex/Mansonfamilie im Laufe der Zeit-7.pdf  used on input line 3212.
(pdftex.def)             Requested size: 469.75385pt x 264.23653pt.
<226305_Forschungsbericht_Charles_Manson_files/figure-latex/Mansonfamilie im La
ufe der Zeit-8.pdf, id=548, 1156.32pt x 650.43pt>
File: 226305_Forschungsbericht_Charles_Manson_files/figure-latex/Mansonfamilie 
im Laufe der Zeit-8.pdf Graphic file (type pdf)
<use 226305_Forschungsbericht_Charles_Manson_files/figure-latex/Mansonfamilie i
m Laufe der Zeit-8.pdf>
Package pdftex.def Info: 226305_Forschungsbericht_Charles_Manson_files/figure-l
atex/Mansonfamilie im Laufe der Zeit-8.pdf  used on input line 3228.
(pdftex.def)             Requested size: 469.75385pt x 264.23653pt.
[54 <./226305_Forschungsbericht_Charles_Manson_files/figure-latex/Mansonfamilie
 im Laufe der Zeit-7.pdf>] [55 <./226305_Forschungsbericht_Charles_Manson_files
/figure-latex/Mansonfamilie im Laufe der Zeit-8.pdf>]
<226305_Forschungsbericht_Charles_Manson_files/figure-latex/Mansonfamilie nach 
Beziehungsstärke-1.pdf, id=578, 1156.32pt x 650.43pt>
File: 226305_Forschungsbericht_Charles_Manson_files/figure-latex/Mansonfamilie 
nach Beziehungsstärke-1.pdf Graphic file (type pdf)
<use 226305_Forschungsbericht_Charles_Manson_files/figure-latex/Mansonfamilie n
ach Beziehungsstärke-1.pdf>
Package pdftex.def Info: 226305_Forschungsbericht_Charles_Manson_files/figure-l
atex/Mansonfamilie nach Beziehungsstärke-1.pdf  used on input line 3356.
(pdftex.def)             Requested size: 469.75385pt x 264.23653pt.
[56 <./226305_Forschungsbericht_Charles_Manson_files/figure-latex/Mansonfamilie
 nach Beziehungsstärke-1.pdf>]
<226305_Forschungsbericht_Charles_Manson_files/figure-latex/Mansonfamilie ohne 
Isolates vs. Ego Netzwerk Manson-1.pdf, id=588, 1156.32pt x 650.43pt>
File: 226305_Forschungsbericht_Charles_Manson_files/figure-latex/Mansonfamilie 
ohne Isolates vs. Ego Netzwerk Manson-1.pdf Graphic file (type pdf)
<use 226305_Forschungsbericht_Charles_Manson_files/figure-latex/Mansonfamilie o
hne Isolates vs. Ego Netzwerk Manson-1.pdf>
Package pdftex.def Info: 226305_Forschungsbericht_Charles_Manson_files/figure-l
atex/Mansonfamilie ohne Isolates vs. Ego Netzwerk Manson-1.pdf  used on input l
ine 3425.
(pdftex.def)             Requested size: 469.75385pt x 264.23653pt.
[57]
<226305_Forschungsbericht_Charles_Manson_files/figure-latex/Wie stehen die Frau
en zu Manson-1.pdf, id=593, 469.755pt x 325.215pt>
File: 226305_Forschungsbericht_Charles_Manson_files/figure-latex/Wie stehen die
 Frauen zu Manson-1.pdf Graphic file (type pdf)
<use 226305_Forschungsbericht_Charles_Manson_files/figure-latex/Wie stehen die 
Frauen zu Manson-1.pdf>
Package pdftex.def Info: 226305_Forschungsbericht_Charles_Manson_files/figure-l
atex/Wie stehen die Frauen zu Manson-1.pdf  used on input line 3451.
(pdftex.def)             Requested size: 469.75386pt x 325.2142pt.

Underfull \hbox (badness 10000) in paragraph at lines 3451--3453
[][]
 []

[58 <./226305_Forschungsbericht_Charles_Manson_files/figure-latex/Mansonfamilie
 ohne Isolates vs. Ego Netzwerk Manson-1.pdf>]
<226305_Forschungsbericht_Charles_Manson_files/figure-latex/Wie stehen die Män
ner zu Manson-1.pdf, id=607, 469.755pt x 325.215pt>
File: 226305_Forschungsbericht_Charles_Manson_files/figure-latex/Wie stehen die
 Männer zu Manson-1.pdf Graphic file (type pdf)
<use 226305_Forschungsbericht_Charles_Manson_files/figure-latex/Wie stehen die 
Männer zu Manson-1.pdf>
Package pdftex.def Info: 226305_Forschungsbericht_Charles_Manson_files/figure-l
atex/Wie stehen die Männer zu Manson-1.pdf  used on input line 3475.
(pdftex.def)             Requested size: 469.75386pt x 325.2142pt.

Underfull \hbox (badness 10000) in paragraph at lines 3475--3477
[][]
 []

[59 <./226305_Forschungsbericht_Charles_Manson_files/figure-latex/Wie stehen di
e Frauen zu Manson-1.pdf>] [60 <./226305_Forschungsbericht_Charles_Manson_files
/figure-latex/Wie stehen die Männer zu Manson-1.pdf>] [61]
<226305_Forschungsbericht_Charles_Manson_files/figure-latex/Liebesbeziehungen-1
.pdf, id=631, 469.755pt x 325.215pt>
File: 226305_Forschungsbericht_Charles_Manson_files/figure-latex/Liebesbeziehun
gen-1.pdf Graphic file (type pdf)
<use 226305_Forschungsbericht_Charles_Manson_files/figure-latex/Liebesbeziehung
en-1.pdf>
Package pdftex.def Info: 226305_Forschungsbericht_Charles_Manson_files/figure-l
atex/Liebesbeziehungen-1.pdf  used on input line 3622.
(pdftex.def)             Requested size: 469.75386pt x 325.2142pt.
[62] [63 <./226305_Forschungsbericht_Charles_Manson_files/figure-latex/Liebesbe
ziehungen-1.pdf>] [64] [65]
<226305_Forschungsbericht_Charles_Manson_files/figure-latex/Abneigung-1.pdf, id
=654, 1156.32pt x 650.43pt>
File: 226305_Forschungsbericht_Charles_Manson_files/figure-latex/Abneigung-1.pd
f Graphic file (type pdf)
<use 226305_Forschungsbericht_Charles_Manson_files/figure-latex/Abneigung-1.pdf
>
Package pdftex.def Info: 226305_Forschungsbericht_Charles_Manson_files/figure-l
atex/Abneigung-1.pdf  used on input line 3811.
(pdftex.def)             Requested size: 469.75385pt x 264.23653pt.

Underfull \hbox (badness 10000) in paragraph at lines 3811--3813
[][]
 []

<226305_Forschungsbericht_Charles_Manson_files/figure-latex/Morde-1.pdf, id=655
, 1156.32pt x 650.43pt>
File: 226305_Forschungsbericht_Charles_Manson_files/figure-latex/Morde-1.pdf Gr
aphic file (type pdf)
<use 226305_Forschungsbericht_Charles_Manson_files/figure-latex/Morde-1.pdf>
Package pdftex.def Info: 226305_Forschungsbericht_Charles_Manson_files/figure-l
atex/Morde-1.pdf  used on input line 3834.
(pdftex.def)             Requested size: 469.75385pt x 264.23653pt.
[66 <./226305_Forschungsbericht_Charles_Manson_files/figure-latex/Abneigung-1.p
df>]
<226305_Forschungsbericht_Charles_Manson_files/figure-latex/Degree Täter-1.pdf
, id=666, 1156.32pt x 650.43pt>
File: 226305_Forschungsbericht_Charles_Manson_files/figure-latex/Degree Täter-
1.pdf Graphic file (type pdf)
<use 226305_Forschungsbericht_Charles_Manson_files/figure-latex/Degree Täter-1
.pdf>
Package pdftex.def Info: 226305_Forschungsbericht_Charles_Manson_files/figure-l
atex/Degree Täter-1.pdf  used on input line 3881.
(pdftex.def)             Requested size: 469.75385pt x 264.23653pt.
[67 <./226305_Forschungsbericht_Charles_Manson_files/figure-latex/Morde-1.pdf>]
<226305_Forschungsbericht_Charles_Manson_files/figure-latex/Morde nach Geschlec
ht-1.pdf, id=678, 469.755pt x 325.215pt>
File: 226305_Forschungsbericht_Charles_Manson_files/figure-latex/Morde nach Ges
chlecht-1.pdf Graphic file (type pdf)
<use 226305_Forschungsbericht_Charles_Manson_files/figure-latex/Morde nach Gesc
hlecht-1.pdf>
Package pdftex.def Info: 226305_Forschungsbericht_Charles_Manson_files/figure-l
atex/Morde nach Geschlecht-1.pdf  used on input line 3898.
(pdftex.def)             Requested size: 469.75386pt x 325.2142pt.
[68 <./226305_Forschungsbericht_Charles_Manson_files/figure-latex/Degree Täter
-1.pdf>]
<226305_Forschungsbericht_Charles_Manson_files/figure-latex/Morde nach Geschlec
ht-2.pdf, id=688, 469.755pt x 325.215pt>
File: 226305_Forschungsbericht_Charles_Manson_files/figure-latex/Morde nach Ges
chlecht-2.pdf Graphic file (type pdf)
<use 226305_Forschungsbericht_Charles_Manson_files/figure-latex/Morde nach Gesc
hlecht-2.pdf>
Package pdftex.def Info: 226305_Forschungsbericht_Charles_Manson_files/figure-l
atex/Morde nach Geschlecht-2.pdf  used on input line 3906.
(pdftex.def)             Requested size: 469.75386pt x 325.2142pt.
[69 <./226305_Forschungsbericht_Charles_Manson_files/figure-latex/Morde nach Ge
schlecht-1.pdf>] [70 <./226305_Forschungsbericht_Charles_Manson_files/figure-la
tex/Morde nach Geschlecht-2.pdf>]
<226305_Forschungsbericht_Charles_Manson_files/figure-latex/Tate - Mord-1.pdf, 
id=709, 1156.32pt x 325.215pt>
File: 226305_Forschungsbericht_Charles_Manson_files/figure-latex/Tate - Mord-1.
pdf Graphic file (type pdf)
<use 226305_Forschungsbericht_Charles_Manson_files/figure-latex/Tate - Mord-1.p
df>
Package pdftex.def Info: 226305_Forschungsbericht_Charles_Manson_files/figure-l
atex/Tate - Mord-1.pdf  used on input line 3987.
(pdftex.def)             Requested size: 469.75385pt x 132.11826pt.
<226305_Forschungsbericht_Charles_Manson_files/figure-latex/Tate - Mord-2.pdf, 
id=710, 1156.32pt x 325.215pt>
File: 226305_Forschungsbericht_Charles_Manson_files/figure-latex/Tate - Mord-2.
pdf Graphic file (type pdf)
<use 226305_Forschungsbericht_Charles_Manson_files/figure-latex/Tate - Mord-2.p
df>
Package pdftex.def Info: 226305_Forschungsbericht_Charles_Manson_files/figure-l
atex/Tate - Mord-2.pdf  used on input line 4022.
(pdftex.def)             Requested size: 469.75385pt x 132.11826pt.
[71 <./226305_Forschungsbericht_Charles_Manson_files/figure-latex/Tate - Mord-1
.pdf>]
<226305_Forschungsbericht_Charles_Manson_files/figure-latex/Nur Mörder im Tate
mord-1.pdf, id=720, 469.755pt x 325.215pt>
File: 226305_Forschungsbericht_Charles_Manson_files/figure-latex/Nur Mörder im
 Tatemord-1.pdf Graphic file (type pdf)
<use 226305_Forschungsbericht_Charles_Manson_files/figure-latex/Nur Mörder im 
Tatemord-1.pdf>
Package pdftex.def Info: 226305_Forschungsbericht_Charles_Manson_files/figure-l
atex/Nur Mörder im Tatemord-1.pdf  used on input line 4037.
(pdftex.def)             Requested size: 469.75386pt x 325.2142pt.

Overfull \vbox (0.54893pt too high) detected at line 4074
 []

[72 <./226305_Forschungsbericht_Charles_Manson_files/figure-latex/Tate - Mord-2
.pdf> <./226305_Forschungsbericht_Charles_Manson_files/figure-latex/Nur Mörder
 im Tatemord-1.pdf>]
<226305_Forschungsbericht_Charles_Manson_files/figure-latex/LaBianca Morde-1.pd
f, id=735, 469.755pt x 325.215pt>
File: 226305_Forschungsbericht_Charles_Manson_files/figure-latex/LaBianca Morde
-1.pdf Graphic file (type pdf)
<use 226305_Forschungsbericht_Charles_Manson_files/figure-latex/LaBianca Morde-
1.pdf>
Package pdftex.def Info: 226305_Forschungsbericht_Charles_Manson_files/figure-l
atex/LaBianca Morde-1.pdf  used on input line 4076.
(pdftex.def)             Requested size: 469.75386pt x 325.2142pt.

Underfull \vbox (badness 2065) detected at line 4093
 []

[73 <./226305_Forschungsbericht_Charles_Manson_files/figure-latex/LaBianca Mord
e-1.pdf>]
<226305_Forschungsbericht_Charles_Manson_files/figure-latex/LaBianca Morde-2.pd
f, id=748, 469.755pt x 325.215pt>
File: 226305_Forschungsbericht_Charles_Manson_files/figure-latex/LaBianca Morde
-2.pdf Graphic file (type pdf)
<use 226305_Forschungsbericht_Charles_Manson_files/figure-latex/LaBianca Morde-
2.pdf>
Package pdftex.def Info: 226305_Forschungsbericht_Charles_Manson_files/figure-l
atex/LaBianca Morde-2.pdf  used on input line 4095.
(pdftex.def)             Requested size: 469.75386pt x 325.2142pt.
<226305_Forschungsbericht_Charles_Manson_files/figure-latex/LaBianca Morde-3.pd
f, id=749, 469.755pt x 325.215pt>
File: 226305_Forschungsbericht_Charles_Manson_files/figure-latex/LaBianca Morde
-3.pdf Graphic file (type pdf)
<use 226305_Forschungsbericht_Charles_Manson_files/figure-latex/LaBianca Morde-
3.pdf>
Package pdftex.def Info: 226305_Forschungsbericht_Charles_Manson_files/figure-l
atex/LaBianca Morde-3.pdf  used on input line 4106.
(pdftex.def)             Requested size: 469.75386pt x 325.2142pt.

Underfull \hbox (badness 10000) in paragraph at lines 4106--4108
[][]
 []

[74 <./226305_Forschungsbericht_Charles_Manson_files/figure-latex/LaBianca Mord
e-2.pdf>]
<226305_Forschungsbericht_Charles_Manson_files/figure-latex/Nur Mörder-1.pdf, 
id=759, 469.755pt x 325.215pt>
File: 226305_Forschungsbericht_Charles_Manson_files/figure-latex/Nur Mörder-1.
pdf Graphic file (type pdf)
<use 226305_Forschungsbericht_Charles_Manson_files/figure-latex/Nur Mörder-1.p
df>
Package pdftex.def Info: 226305_Forschungsbericht_Charles_Manson_files/figure-l
atex/Nur Mörder-1.pdf  used on input line 4122.
(pdftex.def)             Requested size: 469.75386pt x 325.2142pt.
[75 <./226305_Forschungsbericht_Charles_Manson_files/figure-latex/LaBianca Mord
e-3.pdf>] [76 <./226305_Forschungsbericht_Charles_Manson_files/figure-latex/Nur
 Mörder-1.pdf>]
<226305_Forschungsbericht_Charles_Manson_files/figure-latex/Triaden und Cliquen
 member-1.pdf, id=780, 469.755pt x 325.215pt>
File: 226305_Forschungsbericht_Charles_Manson_files/figure-latex/Triaden und Cl
iquen member-1.pdf Graphic file (type pdf)
<use 226305_Forschungsbericht_Charles_Manson_files/figure-latex/Triaden und Cli
quen member-1.pdf>
Package pdftex.def Info: 226305_Forschungsbericht_Charles_Manson_files/figure-l
atex/Triaden und Cliquen member-1.pdf  used on input line 4211.
(pdftex.def)             Requested size: 469.75386pt x 325.2142pt.

Underfull \hbox (badness 10000) in paragraph at lines 4211--4213
[][]
 []

[77 <./226305_Forschungsbericht_Charles_Manson_files/figure-latex/Triaden und C
liquen member-1.pdf>]
<226305_Forschungsbericht_Charles_Manson_files/figure-latex/Triaden und Cliquen
 Gesamt-1.pdf, id=791, 469.755pt x 325.215pt>
File: 226305_Forschungsbericht_Charles_Manson_files/figure-latex/Triaden und Cl
iquen Gesamt-1.pdf Graphic file (type pdf)
<use 226305_Forschungsbericht_Charles_Manson_files/figure-latex/Triaden und Cli
quen Gesamt-1.pdf>
Package pdftex.def Info: 226305_Forschungsbericht_Charles_Manson_files/figure-l
atex/Triaden und Cliquen Gesamt-1.pdf  used on input line 4283.
(pdftex.def)             Requested size: 469.75386pt x 325.2142pt.
[78 <./226305_Forschungsbericht_Charles_Manson_files/figure-latex/Triaden und C
liquen Gesamt-1.pdf>]
<226305_Forschungsbericht_Charles_Manson_files/figure-latex/Triaden und Cliquen
 Hollywood-1.pdf, id=802, 469.755pt x 325.215pt>
File: 226305_Forschungsbericht_Charles_Manson_files/figure-latex/Triaden und Cl
iquen Hollywood-1.pdf Graphic file (type pdf)
<use 226305_Forschungsbericht_Charles_Manson_files/figure-latex/Triaden und Cli
quen Hollywood-1.pdf>
Package pdftex.def Info: 226305_Forschungsbericht_Charles_Manson_files/figure-l
atex/Triaden und Cliquen Hollywood-1.pdf  used on input line 4344.
(pdftex.def)             Requested size: 469.75386pt x 325.2142pt.
[79 <./226305_Forschungsbericht_Charles_Manson_files/figure-latex/Triaden und C
liquen Hollywood-1.pdf>] [80] [81] [82] [83] [84]
Overfull \hbox (0.14049pt too wide) in paragraph at lines 4759--4763
[]$\T1/lmr/m/n/10 (+10) h t t p s : / / w w w . s u e d d e u t s c h e . d e /
 p a n o r a m a / c h a r l es -[] m a n s on -[] u n d -[] a m e r i k a -[] 
v o m -[] m a s s e n m o e r d e r -[] z u r -[] k u l t  g ur -[]
 []

[85] [86] [87]

Package longtable Warning: Column widths have changed
(longtable)                in table 1 on input line 5066.

[88]
! Missing endcsname inserted.
<to be read again> 
                   %
l.5097 ...nterschriften/Unterschrift\%20Fredi.PNG}
                                                   
Here is how much of TeX's memory you used:
 14963 strings out of 480799
 242714 string characters out of 2895317
 578629 words of memory out of 3000000
 30379 multiletter control sequences out of 15000+200000
 594269 words of font info for 124 fonts, out of 3000000 for 9000
 1141 hyphenation exceptions out of 8191
 41i,6n,42p,840b,472s stack positions out of 5000i,500n,10000p,200000b,50000s

!  ==> Fatal error occurred, no output PDF file produced!

! pdflatex: major issue: So far, you have not checked for MiKTeX updates.
